#
# There is insufficient memory for the Java Runtime Environment to continue.
# Native memory allocation (malloc) failed to allocate 32744 bytes for ChunkPool::allocate
# Possible reasons:
#   The system is out of physical RAM or swap space
#   The process is running with CompressedOops enabled, and the Java Heap may be blocking the growth of the native heap
# Possible solutions:
#   Reduce memory load on the system
#   Increase physical memory or swap space
#   Check if swap backing store is full
#   Decrease Java heap size (-Xmx/-Xms)
#   Decrease number of Java threads
#   Decrease Java thread stack sizes (-Xss)
#   Set larger code cache with -XX:ReservedCodeCacheSize=
#   JVM is running with Unscaled Compressed Oops mode in which the Java heap is
#     placed in the first 4GB address space. The Java Heap base address is the
#     maximum limit for the native heap growth. Please use -XX:HeapBaseMinAddress
#     to set the Java Heap base and to place the Java Heap above 4GB virtual address.
# This output file may be truncated or incomplete.
#
#  Out of Memory Error (./open/src/hotspot/share/memory/arena.cpp:79), pid=4848, tid=12820
#
# JRE version: Java(TM) SE Runtime Environment (15.0.2+7) (build 15.0.2+7-27)
# Java VM: Java HotSpot(TM) 64-Bit Server VM (15.0.2+7-27, mixed mode, sharing, tiered, compressed oops, g1 gc, windows-amd64)
# No core dump will be written. Minidumps are not enabled by default on client versions of Windows
#

---------------  S U M M A R Y ------------

Command Line: -XX:MaxMetaspaceSize=512m --add-opens=java.base/java.util=ALL-UNNAMED --add-opens=java.base/java.lang=ALL-UNNAMED --add-opens=java.base/java.lang.invoke=ALL-UNNAMED --add-opens=java.base/java.util=ALL-UNNAMED --add-opens=java.prefs/java.util.prefs=ALL-UNNAMED --add-opens=java.prefs/java.util.prefs=ALL-UNNAMED --add-opens=java.base/java.nio.charset=ALL-UNNAMED --add-opens=java.base/java.net=ALL-UNNAMED --add-opens=java.base/java.util.concurrent.atomic=ALL-UNNAMED -Xmx2048m -Dfile.encoding=windows-1252 -Duser.country=FR -Duser.language=fr -Duser.variant org.gradle.launcher.daemon.bootstrap.GradleDaemon 7.5.1

Host: Intel(R) Core(TM) i7-8650U CPU @ 1.90GHz, 8 cores, 7G,  Windows 10 , 64 bit Build 19041 (10.0.19041.2546)
Time: Thu Mar 16 10:53:21 2023 Maroc (heure d’été) elapsed time: 129.180467 seconds (0d 0h 2m 9s)

---------------  T H R E A D  ---------------

Current thread (0x000002f168888120):  JavaThread "C1 CompilerThread0" daemon [_thread_in_native, id=12820, stack(0x000000f25da00000,0x000000f25db00000)]


Current CompileTask:
C1: 129180 4043       3       groovy.lang.MetaClassImpl::establishStaticMetaProperty (262 bytes)

Stack: [0x000000f25da00000,0x000000f25db00000]
Native frames: (J=compiled Java code, j=interpreted, Vv=VM code, C=native code)
V  [jvm.dll+0x62ae9a]
V  [jvm.dll+0x7817a9]
V  [jvm.dll+0x782f03]
V  [jvm.dll+0x783563]
V  [jvm.dll+0x216325]
V  [jvm.dll+0x982cf]
V  [jvm.dll+0x9861c]
V  [jvm.dll+0xa4297]
V  [jvm.dll+0x129271]
V  [jvm.dll+0x144de2]
V  [jvm.dll+0x13fae4]
V  [jvm.dll+0x1398fe]
V  [jvm.dll+0x1278f0]
V  [jvm.dll+0x10ffd9]
V  [jvm.dll+0x10f91f]
V  [jvm.dll+0x10fb54]
V  [jvm.dll+0x10ee92]
V  [jvm.dll+0x110d2c]
V  [jvm.dll+0x1f9225]
V  [jvm.dll+0x1f72cc]
V  [jvm.dll+0x74495d]
V  [jvm.dll+0x73d75a]
V  [jvm.dll+0x629c56]
C  [ucrtbase.dll+0x21bb2]
C  [KERNEL32.DLL+0x17614]
C  [ntdll.dll+0x526a1]


---------------  P R O C E S S  ---------------

Threads class SMR info:
_java_thread_list=0x000002f16a4b61e0, length=37, elements={
0x000002f14936b9e0, 0x000002f167ec3260, 0x000002f167ec3d40, 0x000002f167edf070,
0x000002f167ee1a40, 0x000002f167ee4410, 0x000002f167ee80d0, 0x000002f168888120,
0x000002f168890620, 0x000002f1688da4f0, 0x000002f16896c920, 0x000002f16a1eb850,
0x000002f16a4d2a70, 0x000002f16a0df430, 0x000002f1695ce000, 0x000002f1693ac3f0,
0x000002f169330020, 0x000002f16a0ec650, 0x000002f169df71e0, 0x000002f1694681b0,
0x000002f16a14e2f0, 0x000002f16a14d950, 0x000002f16a14cfb0, 0x000002f16a14de20,
0x000002f16a14e7c0, 0x000002f16a14ec90, 0x000002f16a14f630, 0x000002f16a14c140,
0x000002f16a14c610, 0x000002f16a14cae0, 0x000002f16a14d480, 0x000002f16a3c8700,
0x000002f16a3cbbf0, 0x000002f16a3c6a20, 0x000002f16a3c73c0, 0x000002f16a3cd8d0,
0x000002f16a3cc590
}

Java Threads: ( => current thread )
  0x000002f14936b9e0 JavaThread "main" [_thread_blocked, id=20908, stack(0x000000f25cd00000,0x000000f25ce00000)]
  0x000002f167ec3260 JavaThread "Reference Handler" daemon [_thread_blocked, id=21572, stack(0x000000f25d400000,0x000000f25d500000)]
  0x000002f167ec3d40 JavaThread "Finalizer" daemon [_thread_blocked, id=1200, stack(0x000000f25d500000,0x000000f25d600000)]
  0x000002f167edf070 JavaThread "Signal Dispatcher" daemon [_thread_blocked, id=12096, stack(0x000000f25d600000,0x000000f25d700000)]
  0x000002f167ee1a40 JavaThread "Attach Listener" daemon [_thread_blocked, id=8716, stack(0x000000f25d700000,0x000000f25d800000)]
  0x000002f167ee4410 JavaThread "Service Thread" daemon [_thread_blocked, id=18356, stack(0x000000f25d800000,0x000000f25d900000)]
  0x000002f167ee80d0 JavaThread "C2 CompilerThread0" daemon [_thread_in_native, id=23128, stack(0x000000f25d900000,0x000000f25da00000)]
=>0x000002f168888120 JavaThread "C1 CompilerThread0" daemon [_thread_in_native, id=12820, stack(0x000000f25da00000,0x000000f25db00000)]
  0x000002f168890620 JavaThread "Sweeper thread" daemon [_thread_blocked, id=29040, stack(0x000000f25db00000,0x000000f25dc00000)]
  0x000002f1688da4f0 JavaThread "Common-Cleaner" daemon [_thread_blocked, id=19600, stack(0x000000f25dc00000,0x000000f25dd00000)]
  0x000002f16896c920 JavaThread "Notification Thread" daemon [_thread_blocked, id=23192, stack(0x000000f25dd00000,0x000000f25de00000)]
  0x000002f16a1eb850 JavaThread "Daemon health stats" [_thread_blocked, id=21236, stack(0x000000f25ca00000,0x000000f25cb00000)]
  0x000002f16a4d2a70 JavaThread "Incoming local TCP Connector on port 53275" [_thread_in_native, id=19968, stack(0x000000f25e200000,0x000000f25e300000)]
  0x000002f16a0df430 JavaThread "Daemon periodic checks" [_thread_blocked, id=22728, stack(0x000000f25e300000,0x000000f25e400000)]
  0x000002f1695ce000 JavaThread "Daemon" [_thread_blocked, id=3008, stack(0x000000f25e400000,0x000000f25e500000)]
  0x000002f1693ac3f0 JavaThread "Handler for socket connection from /127.0.0.1:53275 to /127.0.0.1:53281" [_thread_in_native, id=14760, stack(0x000000f25e500000,0x000000f25e600000)]
  0x000002f169330020 JavaThread "Cancel handler" [_thread_blocked, id=19308, stack(0x000000f25e600000,0x000000f25e700000)]
  0x000002f16a0ec650 JavaThread "Daemon worker" [_thread_blocked, id=16572, stack(0x000000f25e700000,0x000000f25e800000)]
  0x000002f169df71e0 JavaThread "Asynchronous log dispatcher for DefaultDaemonConnection: socket connection from /127.0.0.1:53275 to /127.0.0.1:53281" [_thread_blocked, id=29416, stack(0x000000f25e800000,0x000000f25e900000)]
  0x000002f1694681b0 JavaThread "Stdin handler" [_thread_blocked, id=19796, stack(0x000000f25e900000,0x000000f25ea00000)]
  0x000002f16a14e2f0 JavaThread "Daemon client event forwarder" [_thread_blocked, id=26180, stack(0x000000f25ea00000,0x000000f25eb00000)]
  0x000002f16a14d950 JavaThread "Cache worker for journal cache (C:\Users\Youcode\.gradle\caches\journal-1)" [_thread_blocked, id=19780, stack(0x000000f25f000000,0x000000f25f100000)]
  0x000002f16a14cfb0 JavaThread "File lock request listener" [_thread_in_native, id=27032, stack(0x000000f25f100000,0x000000f25f200000)]
  0x000002f16a14de20 JavaThread "File lock release action executor" [_thread_blocked, id=18852, stack(0x000000f25f200000,0x000000f25f300000)]
  0x000002f16a14e7c0 JavaThread "Cache worker for file hash cache (C:\Users\Youcode\.gradle\caches\7.5.1\fileHashes)" [_thread_blocked, id=31752, stack(0x000000f25f300000,0x000000f25f400000)]
  0x000002f16a14ec90 JavaThread "File watcher server" daemon [_thread_in_native, id=15880, stack(0x000000f25cb00000,0x000000f25cc00000)]
  0x000002f16a14f630 JavaThread "File watcher consumer" daemon [_thread_blocked, id=16652, stack(0x000000f25cc00000,0x000000f25cd00000)]
  0x000002f16a14c140 JavaThread "Cache worker for checksums cache (C:\Users\Youcode\Desktop\app_movies\android\.gradle\7.5.1\checksums)" [_thread_blocked, id=31516, stack(0x000000f25f600000,0x000000f25f700000)]
  0x000002f16a14c610 JavaThread "Cache worker for cache directory md-rule (C:\Users\Youcode\.gradle\caches\7.5.1\md-rule)" [_thread_blocked, id=27256, stack(0x000000f25f700000,0x000000f25f800000)]
  0x000002f16a14cae0 JavaThread "Cache worker for file content cache (C:\Users\Youcode\.gradle\caches\7.5.1\fileContent)" [_thread_blocked, id=29056, stack(0x000000f25f800000,0x000000f25f900000)]
  0x000002f16a14d480 JavaThread "Cache worker for file hash cache (C:\Users\Youcode\Desktop\app_movies\android\.gradle\7.5.1\fileHashes)" [_thread_blocked, id=6104, stack(0x000000f25fa00000,0x000000f25fb00000)]
  0x000002f16a3c8700 JavaThread "Cache worker for cache directory md-supplier (C:\Users\Youcode\.gradle\caches\7.5.1\md-supplier)" [_thread_blocked, id=6464, stack(0x000000f25fb00000,0x000000f25fc00000)]
  0x000002f16a3cbbf0 JavaThread "Cache worker for execution history cache (C:\Users\Youcode\.gradle\caches\7.5.1\executionHistory)" [_thread_blocked, id=31696, stack(0x000000f25fc00000,0x000000f25fd00000)]
  0x000002f16a3c6a20 JavaThread "jar transforms" [_thread_blocked, id=33572, stack(0x000000f25fd00000,0x000000f25fe00000)]
  0x000002f16a3c73c0 JavaThread "jar transforms Thread 2" [_thread_blocked, id=32644, stack(0x000000f25fe00000,0x000000f25ff00000)]
  0x000002f16a3cd8d0 JavaThread "jar transforms Thread 3" [_thread_blocked, id=23328, stack(0x000000f25ff00000,0x000000f260000000)]
  0x000002f16a3cc590 JavaThread "jar transforms Thread 4" [_thread_blocked, id=29016, stack(0x000000f260000000,0x000000f260100000)]

Other Threads:
  0x000002f167ebc490 VMThread "VM Thread" [stack: 0x000000f25d300000,0x000000f25d400000] [id=26100]
  0x000002f1689755c0 WatcherThread [stack: 0x000000f25de00000,0x000000f25df00000] [id=3140]
  0x000002f1493a86b0 GCTaskThread "GC Thread#0" [stack: 0x000000f25ce00000,0x000000f25cf00000] [id=21844]
  0x000002f16966dc70 GCTaskThread "GC Thread#1" [stack: 0x000000f25df00000,0x000000f25e000000] [id=11392]
  0x000002f1696702b0 GCTaskThread "GC Thread#2" [stack: 0x000000f25e000000,0x000000f25e100000] [id=15296]
  0x000002f16966fc50 GCTaskThread "GC Thread#3" [stack: 0x000000f25eb00000,0x000000f25ec00000] [id=8168]
  0x000002f16966ff80 GCTaskThread "GC Thread#4" [stack: 0x000000f25ec00000,0x000000f25ed00000] [id=24296]
  0x000002f16966ec60 GCTaskThread "GC Thread#5" [stack: 0x000000f25ed00000,0x000000f25ee00000] [id=31040]
  0x000002f16966f5f0 GCTaskThread "GC Thread#6" [stack: 0x000000f25ee00000,0x000000f25ef00000] [id=19388]
  0x000002f1696705e0 GCTaskThread "GC Thread#7" [stack: 0x000000f25ef00000,0x000000f25f000000] [id=10928]
  0x000002f1493b9710 ConcurrentGCThread "G1 Main Marker" [stack: 0x000000f25cf00000,0x000000f25d000000] [id=27140]
  0x000002f1493bb220 ConcurrentGCThread "G1 Conc#0" [stack: 0x000000f25d000000,0x000000f25d100000] [id=24232]
  0x000002f16966dfa0 ConcurrentGCThread "G1 Conc#1" [stack: 0x000000f25f900000,0x000000f25fa00000] [id=21104]
  0x000002f167d60090 ConcurrentGCThread "G1 Refine#0" [stack: 0x000000f25d100000,0x000000f25d200000] [id=30996]
  0x000002f16894b020 ConcurrentGCThread "G1 Refine#1" [stack: 0x000000f25e100000,0x000000f25e200000] [id=22124]
  0x000002f167d61bb0 ConcurrentGCThread "G1 Young RemSet Sampling" [stack: 0x000000f25d200000,0x000000f25d300000] [id=31000]

Threads with active compile tasks:
C2 CompilerThread0   129327 4037       4       org.codehaus.groovy.runtime.metaclass.MetaMethodIndex::getOrPutMethods (184 bytes)
C1 CompilerThread0   129327 4043       3       groovy.lang.MetaClassImpl::establishStaticMetaProperty (262 bytes)

VM state: at safepoint (normal execution)

VM Mutex/Monitor currently owned by a thread:  ([mutex/lock_event])
[0x000002f149367540] Threads_lock - owner thread: 0x000002f167ebc490
[0x000002f149367b70] Heap_lock - owner thread: 0x000002f16a0ec650

Heap address: 0x0000000080000000, size: 2048 MB, Compressed Oops mode: 32-bit
CDS archive(s) mapped at: [0x0000000800000000-0x0000000800b50000-0x0000000800b50000), size 11862016, SharedBaseAddress: 0x0000000800000000, ArchiveRelocationMode: 0.
Compressed class space mapped at: 0x0000000800b50000-0x0000000820350000, size: 528482304
Narrow klass base: 0x0000000800000000, Narrow klass shift: 3, Narrow klass range: 0x100000000

GC Precious Log:
 CPUs: 8 total, 8 available
 Memory: 8050M
 Large Page Support: Disabled
 NUMA Support: Disabled
 Compressed Oops: Enabled (32-bit)
 Heap Region Size: 1M
 Heap Min Capacity: 8M
 Heap Initial Capacity: 126M
 Heap Max Capacity: 2G
 Pre-touch: Disabled
 Parallel Workers: 8
 Concurrent Workers: 2
 Concurrent Refinement Workers: 8
 Periodic GC: Disabled

Heap:
 garbage-first heap   total 75776K, used 28461K [0x0000000080000000, 0x0000000100000000)
  region size 1024K, 4 young (4096K), 4 survivors (4096K)
 Metaspace       used 32451K, capacity 32991K, committed 33072K, reserved 544768K
  class space    used 4318K, capacity 4463K, committed 4480K, reserved 516096K

Heap Regions: E=young(eden), S=young(survivor), O=old, HS=humongous(starts), HC=humongous(continues), CS=collection set, F=free, OA=open archive, CA=closed archive, TAMS=top-at-mark-start (previous, next)
|   0|0x0000000080000000, 0x0000000080100000, 0x0000000080100000|100%| O|  |TAMS 0x0000000080100000, 0x0000000080100000| Untracked 
|   1|0x0000000080100000, 0x0000000080200000, 0x0000000080200000|100%| O|  |TAMS 0x0000000080200000, 0x0000000080200000| Untracked 
|   2|0x0000000080200000, 0x0000000080300000, 0x0000000080300000|100%| O|  |TAMS 0x0000000080300000, 0x0000000080300000| Untracked 
|   3|0x0000000080300000, 0x0000000080400000, 0x0000000080400000|100%|HS|  |TAMS 0x0000000080400000, 0x0000000080400000| Complete 
|   4|0x0000000080400000, 0x0000000080500000, 0x0000000080500000|100%|HC|  |TAMS 0x0000000080500000, 0x0000000080500000| Complete 
|   5|0x0000000080500000, 0x0000000080600000, 0x0000000080600000|100%|HC|  |TAMS 0x0000000080600000, 0x0000000080600000| Complete 
|   6|0x0000000080600000, 0x0000000080700000, 0x0000000080700000|100%| O|  |TAMS 0x0000000080700000, 0x0000000080700000| Untracked 
|   7|0x0000000080700000, 0x0000000080800000, 0x0000000080800000|100%| O|  |TAMS 0x0000000080800000, 0x0000000080800000| Untracked 
|   8|0x0000000080800000, 0x0000000080900000, 0x0000000080900000|100%| O|  |TAMS 0x0000000080900000, 0x0000000080900000| Untracked 
|   9|0x0000000080900000, 0x0000000080a00000, 0x0000000080a00000|100%| O|  |TAMS 0x0000000080a00000, 0x0000000080a00000| Untracked 
|  10|0x0000000080a00000, 0x0000000080b00000, 0x0000000080b00000|100%| O|  |TAMS 0x0000000080b00000, 0x0000000080b00000| Untracked 
|  11|0x0000000080b00000, 0x0000000080c00000, 0x0000000080c00000|100%| O|  |TAMS 0x0000000080c00000, 0x0000000080c00000| Untracked 
|  12|0x0000000080c00000, 0x0000000080d00000, 0x0000000080d00000|100%| O|  |TAMS 0x0000000080d00000, 0x0000000080d00000| Untracked 
|  13|0x0000000080d00000, 0x0000000080e00000, 0x0000000080e00000|100%| O|  |TAMS 0x0000000080e00000, 0x0000000080e00000| Untracked 
|  14|0x0000000080e00000, 0x0000000080f00000, 0x0000000080f00000|100%| O|  |TAMS 0x0000000080f00000, 0x0000000080f00000| Untracked 
|  15|0x0000000080f00000, 0x0000000081000000, 0x0000000081000000|100%| O|  |TAMS 0x0000000081000000, 0x0000000081000000| Untracked 
|  16|0x0000000081000000, 0x000000008108a600, 0x0000000081100000| 54%| O|  |TAMS 0x000000008108a600, 0x000000008108a600| Untracked 
|  17|0x0000000081100000, 0x0000000081200000, 0x0000000081200000|100%| O|  |TAMS 0x0000000081100000, 0x0000000081200000| Untracked 
|  18|0x0000000081200000, 0x0000000081300000, 0x0000000081300000|100%| O|  |TAMS 0x0000000081200000, 0x0000000081300000| Untracked 
|  19|0x0000000081300000, 0x0000000081400000, 0x0000000081400000|100%| O|  |TAMS 0x0000000081300000, 0x0000000081400000| Untracked 
|  20|0x0000000081400000, 0x0000000081500000, 0x0000000081500000|100%| O|  |TAMS 0x0000000081400000, 0x0000000081500000| Untracked 
|  21|0x0000000081500000, 0x0000000081600000, 0x0000000081600000|100%| O|  |TAMS 0x0000000081500000, 0x0000000081600000| Untracked 
|  22|0x0000000081600000, 0x0000000081700000, 0x0000000081700000|100%| O|  |TAMS 0x0000000081600000, 0x0000000081700000| Untracked 
|  23|0x0000000081700000, 0x0000000081800000, 0x0000000081800000|100%| O|  |TAMS 0x0000000081700000, 0x0000000081800000| Untracked 
|  24|0x0000000081800000, 0x0000000081840e00, 0x0000000081900000| 25%| O|  |TAMS 0x0000000081800000, 0x0000000081840e00| Untracked 
|  25|0x0000000081900000, 0x0000000081900000, 0x0000000081a00000|  0%| F|  |TAMS 0x0000000081900000, 0x0000000081900000| Untracked 
|  26|0x0000000081a00000, 0x0000000081a00000, 0x0000000081b00000|  0%| F|  |TAMS 0x0000000081a00000, 0x0000000081a00000| Untracked 
|  27|0x0000000081b00000, 0x0000000081b00000, 0x0000000081c00000|  0%| F|  |TAMS 0x0000000081b00000, 0x0000000081b00000| Untracked 
|  28|0x0000000081c00000, 0x0000000081c00000, 0x0000000081d00000|  0%| F|  |TAMS 0x0000000081c00000, 0x0000000081c00000| Untracked 
|  29|0x0000000081d00000, 0x0000000081d00000, 0x0000000081e00000|  0%| F|  |TAMS 0x0000000081d00000, 0x0000000081d00000| Untracked 
|  30|0x0000000081e00000, 0x0000000081e00000, 0x0000000081f00000|  0%| F|  |TAMS 0x0000000081e00000, 0x0000000081e00000| Untracked 
|  31|0x0000000081f00000, 0x0000000081f00000, 0x0000000082000000|  0%| F|  |TAMS 0x0000000081f00000, 0x0000000081f00000| Untracked 
|  32|0x0000000082000000, 0x0000000082000000, 0x0000000082100000|  0%| F|  |TAMS 0x0000000082000000, 0x0000000082000000| Untracked 
|  33|0x0000000082100000, 0x0000000082100000, 0x0000000082200000|  0%| F|  |TAMS 0x0000000082100000, 0x0000000082100000| Untracked 
|  34|0x0000000082200000, 0x0000000082200000, 0x0000000082300000|  0%| F|  |TAMS 0x0000000082200000, 0x0000000082200000| Untracked 
|  35|0x0000000082300000, 0x0000000082300000, 0x0000000082400000|  0%| F|  |TAMS 0x0000000082300000, 0x0000000082300000| Untracked 
|  36|0x0000000082400000, 0x0000000082400000, 0x0000000082500000|  0%| F|  |TAMS 0x0000000082400000, 0x0000000082400000| Untracked 
|  37|0x0000000082500000, 0x0000000082500000, 0x0000000082600000|  0%| F|  |TAMS 0x0000000082500000, 0x0000000082500000| Untracked 
|  38|0x0000000082600000, 0x0000000082600000, 0x0000000082700000|  0%| F|  |TAMS 0x0000000082600000, 0x0000000082600000| Untracked 
|  39|0x0000000082700000, 0x0000000082700000, 0x0000000082800000|  0%| F|  |TAMS 0x0000000082700000, 0x0000000082700000| Untracked 
|  40|0x0000000082800000, 0x0000000082800000, 0x0000000082900000|  0%| F|  |TAMS 0x0000000082800000, 0x0000000082800000| Untracked 
|  41|0x0000000082900000, 0x0000000082900000, 0x0000000082a00000|  0%| F|  |TAMS 0x0000000082900000, 0x0000000082900000| Untracked 
|  42|0x0000000082a00000, 0x0000000082b00000, 0x0000000082b00000|100%| S|CS|TAMS 0x0000000082a00000, 0x0000000082a00000| Complete 
|  43|0x0000000082b00000, 0x0000000082b00000, 0x0000000082c00000|  0%| F|  |TAMS 0x0000000082b00000, 0x0000000082b00000| Untracked 
|  44|0x0000000082c00000, 0x0000000082c00000, 0x0000000082d00000|  0%| F|  |TAMS 0x0000000082c00000, 0x0000000082c00000| Untracked 
|  45|0x0000000082d00000, 0x0000000082d00000, 0x0000000082e00000|  0%| F|  |TAMS 0x0000000082d00000, 0x0000000082d00000| Untracked 
|  46|0x0000000082e00000, 0x0000000082f00000, 0x0000000082f00000|100%| S|CS|TAMS 0x0000000082e00000, 0x0000000082e00000| Complete 
|  47|0x0000000082f00000, 0x0000000083000000, 0x0000000083000000|100%| S|CS|TAMS 0x0000000082f00000, 0x0000000082f00000| Complete 
|  48|0x0000000083000000, 0x0000000083100000, 0x0000000083100000|100%| S|CS|TAMS 0x0000000083000000, 0x0000000083000000| Complete 
|  49|0x0000000083100000, 0x0000000083100000, 0x0000000083200000|  0%| F|  |TAMS 0x0000000083100000, 0x0000000083100000| Untracked 
|  50|0x0000000083200000, 0x0000000083200000, 0x0000000083300000|  0%| F|  |TAMS 0x0000000083200000, 0x0000000083200000| Untracked 
|  51|0x0000000083300000, 0x0000000083300000, 0x0000000083400000|  0%| F|  |TAMS 0x0000000083300000, 0x0000000083300000| Untracked 
|  52|0x0000000083400000, 0x0000000083400000, 0x0000000083500000|  0%| F|  |TAMS 0x0000000083400000, 0x0000000083400000| Untracked 
|  53|0x0000000083500000, 0x0000000083500000, 0x0000000083600000|  0%| F|  |TAMS 0x0000000083500000, 0x0000000083500000| Untracked 
|  54|0x0000000083600000, 0x0000000083600000, 0x0000000083700000|  0%| F|  |TAMS 0x0000000083600000, 0x0000000083600000| Untracked 
|  55|0x0000000083700000, 0x0000000083700000, 0x0000000083800000|  0%| F|  |TAMS 0x0000000083700000, 0x0000000083700000| Untracked 
|  56|0x0000000083800000, 0x0000000083800000, 0x0000000083900000|  0%| F|  |TAMS 0x0000000083800000, 0x0000000083800000| Untracked 
|  57|0x0000000083900000, 0x0000000083900000, 0x0000000083a00000|  0%| F|  |TAMS 0x0000000083900000, 0x0000000083900000| Untracked 
|  58|0x0000000083a00000, 0x0000000083a00000, 0x0000000083b00000|  0%| F|  |TAMS 0x0000000083a00000, 0x0000000083a00000| Untracked 
|  59|0x0000000083b00000, 0x0000000083b00000, 0x0000000083c00000|  0%| F|  |TAMS 0x0000000083b00000, 0x0000000083b00000| Untracked 
|  60|0x0000000083c00000, 0x0000000083c00000, 0x0000000083d00000|  0%| F|  |TAMS 0x0000000083c00000, 0x0000000083c00000| Untracked 
|  61|0x0000000083d00000, 0x0000000083d00000, 0x0000000083e00000|  0%| F|  |TAMS 0x0000000083d00000, 0x0000000083d00000| Untracked 
|  62|0x0000000083e00000, 0x0000000083e00000, 0x0000000083f00000|  0%| F|  |TAMS 0x0000000083e00000, 0x0000000083e00000| Untracked 
|  63|0x0000000083f00000, 0x0000000083f00000, 0x0000000084000000|  0%| F|  |TAMS 0x0000000083f00000, 0x0000000083f00000| Untracked 
|  64|0x0000000084000000, 0x0000000084000000, 0x0000000084100000|  0%| F|  |TAMS 0x0000000084000000, 0x0000000084000000| Untracked 
|  65|0x0000000084100000, 0x0000000084100000, 0x0000000084200000|  0%| F|  |TAMS 0x0000000084100000, 0x0000000084100000| Untracked 
|  66|0x0000000084200000, 0x0000000084200000, 0x0000000084300000|  0%| F|  |TAMS 0x0000000084200000, 0x0000000084200000| Untracked 
|  67|0x0000000084300000, 0x0000000084300000, 0x0000000084400000|  0%| F|  |TAMS 0x0000000084300000, 0x0000000084300000| Untracked 
|  68|0x0000000084400000, 0x0000000084400000, 0x0000000084500000|  0%| F|  |TAMS 0x0000000084400000, 0x0000000084400000| Untracked 
| 118|0x0000000087600000, 0x0000000087600000, 0x0000000087700000|  0%| F|  |TAMS 0x0000000087600000, 0x0000000087600000| Untracked 
| 119|0x0000000087700000, 0x0000000087700000, 0x0000000087800000|  0%| F|  |TAMS 0x0000000087700000, 0x0000000087700000| Untracked 
| 120|0x0000000087800000, 0x0000000087800000, 0x0000000087900000|  0%| F|  |TAMS 0x0000000087800000, 0x0000000087800000| Untracked 
| 121|0x0000000087900000, 0x0000000087900000, 0x0000000087a00000|  0%| F|  |TAMS 0x0000000087900000, 0x0000000087900000| Untracked 
| 125|0x0000000087d00000, 0x0000000087d00000, 0x0000000087e00000|  0%| F|  |TAMS 0x0000000087d00000, 0x0000000087d00000| Untracked 

Card table byte_map: [0x000002f160cd0000,0x000002f1610d0000] _byte_map_base: 0x000002f1608d0000

Marking Bits (Prev, Next): (CMBitMap*) 0x000002f1493a8df0, (CMBitMap*) 0x000002f1493a8db0
 Prev Bits: [0x000002f1634d0000, 0x000002f1654d0000)
 Next Bits: [0x000002f1614d0000, 0x000002f1634d0000)

Polling page: 0x000002f1472f0000

Metaspace:

Usage:
  Non-class:     27.86 MB capacity,    27.47 MB ( 99%) used,   351.74 KB (  1%) free+waste,    43.19 KB ( <1%) overhead. 
      Class:      4.36 MB capacity,     4.22 MB ( 97%) used,   126.12 KB (  3%) free+waste,    18.44 KB ( <1%) overhead. 
       Both:     32.22 MB capacity,    31.69 MB ( 98%) used,   477.86 KB (  1%) free+waste,    61.62 KB ( <1%) overhead. 

Virtual space:
  Non-class space:       28.00 MB reserved,      27.92 MB (>99%) committed 
      Class space:      504.00 MB reserved,       4.38 MB ( <1%) committed 
             Both:      532.00 MB reserved,      32.30 MB (  6%) committed 

Chunk freelists:
   Non-Class:  0 bytes
       Class:  17.00 KB
        Both:  17.00 KB

MaxMetaspaceSize: 512.00 MB
CompressedClassSpaceSize: 504.00 MB

CodeHeap 'non-profiled nmethods': size=120000Kb used=2338Kb max_used=2338Kb free=117661Kb
 bounds [0x000002f159070000, 0x000002f1592e0000, 0x000002f1605a0000]
CodeHeap 'profiled nmethods': size=120000Kb used=7973Kb max_used=7973Kb free=112027Kb
 bounds [0x000002f151b40000, 0x000002f152310000, 0x000002f159070000]
CodeHeap 'non-nmethods': size=5760Kb used=2300Kb max_used=2369Kb free=3459Kb
 bounds [0x000002f1515a0000, 0x000002f151810000, 0x000002f151b40000]
 total_blobs=4794 nmethods=4022 adapters=684
 compilation: enabled
              stopped_count=0, restarted_count=0
 full_count=0

Compilation events (20 events):
Event: 127.749 Thread 0x000002f168888120 4032       1       org.gradle.launcher.daemon.context.DefaultDaemonContext::getPid (5 bytes)
Event: 127.749 Thread 0x000002f168888120 nmethod 4032 0x000002f1592b8010 code [0x000002f1592b81a0, 0x000002f1592b8258]
Event: 128.349 Thread 0x000002f168888120 4033       1       java.util.stream.FindOps$FindOp::getOpFlags (5 bytes)
Event: 128.349 Thread 0x000002f168888120 nmethod 4033 0x000002f1592b8310 code [0x000002f1592b84a0, 0x000002f1592b8558]
Event: 129.099 Thread 0x000002f168888120 4034       3       groovyjarjarasm.asm.MethodWriter::visitAbstractType (8 bytes)
Event: 129.099 Thread 0x000002f168888120 nmethod 4034 0x000002f152304610 code [0x000002f1523047a0, 0x000002f1523048d8]
Event: 129.099 Thread 0x000002f168888120 4035       3       groovyjarjarasm.asm.SymbolTable::addType (81 bytes)
Event: 129.100 Thread 0x000002f168888120 nmethod 4035 0x000002f152304a10 code [0x000002f152304c00, 0x000002f152305138]
Event: 129.100 Thread 0x000002f168888120 4036       1       groovyjarjarasm.asm.SymbolTable::getMajorVersion (5 bytes)
Event: 129.100 Thread 0x000002f168888120 nmethod 4036 0x000002f1592b8610 code [0x000002f1592b87a0, 0x000002f1592b8858]
Event: 129.103 Thread 0x000002f167ee80d0 4037       4       org.codehaus.groovy.runtime.metaclass.MetaMethodIndex::getOrPutMethods (184 bytes)
Event: 129.104 Thread 0x000002f168888120 4038       3       java.util.stream.SpinedBuffer::ensureCapacity (138 bytes)
Event: 129.106 Thread 0x000002f168888120 nmethod 4038 0x000002f152305410 code [0x000002f152305660, 0x000002f1523065e8]
Event: 129.112 Thread 0x000002f168888120 4040       3       java.util.Arrays$ArrayList::toArray (15 bytes)
Event: 129.113 Thread 0x000002f168888120 nmethod 4040 0x000002f152306a90 code [0x000002f152306c40, 0x000002f152306d88]
Event: 129.114 Thread 0x000002f168888120 4041       3       java.util.TimSort::binarySort (223 bytes)
Event: 129.120 Thread 0x000002f168888120 nmethod 4041 0x000002f152306e90 code [0x000002f1523070a0, 0x000002f152307bd8]
Event: 129.120 Thread 0x000002f168888120 4042       3       sun.reflect.generics.parser.SignatureParser::parseTypeArguments (109 bytes)
Event: 129.122 Thread 0x000002f168888120 nmethod 4042 0x000002f152307f10 code [0x000002f1523081c0, 0x000002f152308f48]
Event: 129.124 Thread 0x000002f168888120 4043       3       groovy.lang.MetaClassImpl::establishStaticMetaProperty (262 bytes)

GC Heap History (14 events):
Event: 20.000 GC heap before
{Heap before GC invocations=0 (full 0):
 garbage-first heap   total 129024K, used 28672K [0x0000000080000000, 0x0000000100000000)
  region size 1024K, 23 young (23552K), 0 survivors (0K)
 Metaspace       used 3417K, capacity 6224K, committed 6400K, reserved 524288K
  class space    used 426K, capacity 708K, committed 768K, reserved 516096K
}
Event: 20.590 GC heap after
{Heap after GC invocations=1 (full 0):
 garbage-first heap   total 129024K, used 9582K [0x0000000080000000, 0x0000000100000000)
  region size 1024K, 3 young (3072K), 3 survivors (3072K)
 Metaspace       used 3417K, capacity 6224K, committed 6400K, reserved 524288K
  class space    used 426K, capacity 708K, committed 768K, reserved 516096K
}
Event: 31.471 GC heap before
{Heap before GC invocations=1 (full 0):
 garbage-first heap   total 129024K, used 33134K [0x0000000080000000, 0x0000000100000000)
  region size 1024K, 26 young (26624K), 3 survivors (3072K)
 Metaspace       used 4334K, capacity 6739K, committed 7040K, reserved 524288K
  class space    used 522K, capacity 773K, committed 896K, reserved 516096K
}
Event: 31.483 GC heap after
{Heap after GC invocations=2 (full 0):
 garbage-first heap   total 129024K, used 10505K [0x0000000080000000, 0x0000000100000000)
  region size 1024K, 1 young (1024K), 1 survivors (1024K)
 Metaspace       used 4334K, capacity 6739K, committed 7040K, reserved 524288K
  class space    used 522K, capacity 773K, committed 896K, reserved 516096K
}
Event: 75.718 GC heap before
{Heap before GC invocations=2 (full 0):
 garbage-first heap   total 129024K, used 49417K [0x0000000080000000, 0x0000000100000000)
  region size 1024K, 39 young (39936K), 1 survivors (1024K)
 Metaspace       used 9531K, capacity 9870K, committed 10112K, reserved 526336K
  class space    used 1258K, capacity 1367K, committed 1408K, reserved 516096K
}
Event: 76.035 GC heap after
{Heap after GC invocations=3 (full 0):
 garbage-first heap   total 129024K, used 16502K [0x0000000080000000, 0x0000000100000000)
  region size 1024K, 5 young (5120K), 5 survivors (5120K)
 Metaspace       used 9531K, capacity 9870K, committed 10112K, reserved 526336K
  class space    used 1258K, capacity 1367K, committed 1408K, reserved 516096K
}
Event: 101.871 GC heap before
{Heap before GC invocations=3 (full 0):
 garbage-first heap   total 129024K, used 83062K [0x0000000080000000, 0x0000000100000000)
  region size 1024K, 71 young (72704K), 5 survivors (5120K)
 Metaspace       used 20292K, capacity 20780K, committed 20992K, reserved 534528K
  class space    used 2893K, capacity 3060K, committed 3072K, reserved 516096K
}
Event: 101.923 GC heap after
{Heap after GC invocations=4 (full 0):
 garbage-first heap   total 129024K, used 20739K [0x0000000080000000, 0x0000000100000000)
  region size 1024K, 4 young (4096K), 4 survivors (4096K)
 Metaspace       used 20292K, capacity 20780K, committed 20992K, reserved 534528K
  class space    used 2893K, capacity 3060K, committed 3072K, reserved 516096K
}
Event: 103.440 GC heap before
{Heap before GC invocations=4 (full 0):
 garbage-first heap   total 129024K, used 23811K [0x0000000080000000, 0x0000000100000000)
  region size 1024K, 8 young (8192K), 4 survivors (4096K)
 Metaspace       used 20743K, capacity 21164K, committed 21296K, reserved 534528K
  class space    used 2964K, capacity 3124K, committed 3200K, reserved 516096K
}
Event: 103.457 GC heap after
{Heap after GC invocations=5 (full 0):
 garbage-first heap   total 129024K, used 21016K [0x0000000080000000, 0x0000000100000000)
  region size 1024K, 4 young (4096K), 4 survivors (4096K)
 Metaspace       used 20743K, capacity 21164K, committed 21296K, reserved 534528K
  class space    used 2964K, capacity 3124K, committed 3200K, reserved 516096K
}
Event: 114.792 GC heap before
{Heap before GC invocations=6 (full 0):
 garbage-first heap   total 75776K, used 60952K [0x0000000080000000, 0x0000000100000000)
  region size 1024K, 44 young (45056K), 4 survivors (4096K)
 Metaspace       used 29210K, capacity 29642K, committed 29744K, reserved 542720K
  class space    used 3985K, capacity 4139K, committed 4224K, reserved 516096K
}
Event: 114.804 GC heap after
{Heap after GC invocations=7 (full 0):
 garbage-first heap   total 75776K, used 25063K [0x0000000080000000, 0x0000000100000000)
  region size 1024K, 5 young (5120K), 5 survivors (5120K)
 Metaspace       used 29210K, capacity 29642K, committed 29744K, reserved 542720K
  class space    used 3985K, capacity 4139K, committed 4224K, reserved 516096K
}
Event: 120.466 GC heap before
{Heap before GC invocations=7 (full 0):
 garbage-first heap   total 75776K, used 53735K [0x0000000080000000, 0x0000000100000000)
  region size 1024K, 33 young (33792K), 5 survivors (5120K)
 Metaspace       used 30662K, capacity 31163K, committed 31408K, reserved 544768K
  class space    used 4180K, capacity 4344K, committed 4352K, reserved 516096K
}
Event: 120.475 GC heap after
{Heap after GC invocations=8 (full 0):
 garbage-first heap   total 75776K, used 26776K [0x0000000080000000, 0x0000000100000000)
  region size 1024K, 3 young (3072K), 3 survivors (3072K)
 Metaspace       used 30662K, capacity 31163K, committed 31408K, reserved 544768K
  class space    used 4180K, capacity 4344K, committed 4352K, reserved 516096K
}

Deoptimization events (20 events):
Event: 121.035 Thread 0x000002f16a0ec650 Uncommon trap: trap_request=0xffffffde fr.pc=0x000002f159247f2c relative=0x00000000000004cc
Event: 121.035 Thread 0x000002f16a0ec650 Uncommon trap: reason=class_check action=maybe_recompile pc=0x000002f159247f2c method=java.util.regex.Pattern$Start.match(Ljava/util/regex/Matcher;ILjava/lang/CharSequence;)Z @ 44 c2
Event: 121.035 Thread 0x000002f16a0ec650 DEOPT PACKING pc=0x000002f159247f2c sp=0x000000f25e7f9350
Event: 121.035 Thread 0x000002f16a0ec650 DEOPT UNPACKING pc=0x000002f1515ee42f sp=0x000000f25e7f9218 mode 2
Event: 122.509 Thread 0x000002f16a0ec650 Uncommon trap: trap_request=0xffffff45 fr.pc=0x000002f159266da8 relative=0x0000000000005ec8
Event: 122.509 Thread 0x000002f16a0ec650 Uncommon trap: reason=unstable_if action=reinterpret pc=0x000002f159266da8 method=java.net.URLClassLoader.defineClass(Ljava/lang/String;Ljdk/internal/loader/Resource;)Ljava/lang/Class; @ 21 c2
Event: 122.510 Thread 0x000002f16a0ec650 DEOPT PACKING pc=0x000002f159266da8 sp=0x000000f25e7f91a0
Event: 122.510 Thread 0x000002f16a0ec650 DEOPT UNPACKING pc=0x000002f1515ee42f sp=0x000000f25e7f90c8 mode 2
Event: 124.389 Thread 0x000002f16a0ec650 Uncommon trap: trap_request=0xffffffde fr.pc=0x000002f159272f38 relative=0x00000000000008b8
Event: 124.389 Thread 0x000002f16a0ec650 Uncommon trap: reason=class_check action=maybe_recompile pc=0x000002f159272f38 method=java.io.BufferedInputStream.read1([BII)I @ 39 c2
Event: 124.389 Thread 0x000002f16a0ec650 DEOPT PACKING pc=0x000002f159272f38 sp=0x000000f25e7f7c80
Event: 124.389 Thread 0x000002f16a0ec650 DEOPT UNPACKING pc=0x000002f1515ee42f sp=0x000000f25e7f7bb8 mode 2
Event: 129.114 Thread 0x000002f16a0ec650 Uncommon trap: trap_request=0xffffffde fr.pc=0x000002f159247f2c relative=0x00000000000004cc
Event: 129.115 Thread 0x000002f16a0ec650 Uncommon trap: reason=class_check action=maybe_recompile pc=0x000002f159247f2c method=java.util.regex.Pattern$Start.match(Ljava/util/regex/Matcher;ILjava/lang/CharSequence;)Z @ 44 c2
Event: 129.115 Thread 0x000002f16a0ec650 DEOPT PACKING pc=0x000002f159247f2c sp=0x000000f25e7f7570
Event: 129.115 Thread 0x000002f16a0ec650 DEOPT UNPACKING pc=0x000002f1515ee42f sp=0x000000f25e7f7438 mode 2
Event: 129.120 Thread 0x000002f16a0ec650 Uncommon trap: trap_request=0xffffffde fr.pc=0x000002f159235b44 relative=0x0000000000000464
Event: 129.120 Thread 0x000002f16a0ec650 Uncommon trap: reason=class_check action=maybe_recompile pc=0x000002f159235b44 method=java.util.regex.Pattern$Start.match(Ljava/util/regex/Matcher;ILjava/lang/CharSequence;)Z @ 44 c2
Event: 129.120 Thread 0x000002f16a0ec650 DEOPT PACKING pc=0x000002f159235b44 sp=0x000000f25e7f7500
Event: 129.120 Thread 0x000002f16a0ec650 DEOPT UNPACKING pc=0x000002f1515ee42f sp=0x000000f25e7f7440 mode 2

Classes unloaded (0 events):
No events

Classes redefined (0 events):
No events

Internal exceptions (20 events):
Event: 123.577 Thread 0x000002f16a0ec650 Exception <a 'java/lang/ClassNotFoundException'{0x00000000837bd4c8}: java/lang/RuntimeCustomizer> (0x00000000837bd4c8) 
thrown [./open/src/hotspot/share/classfile/systemDictionary.cpp, line 295]
Event: 124.125 Thread 0x000002f16a0ec650 Exception <a 'java/lang/NoSuchMethodError'{0x00000000837db3d8}: 'void java.lang.invoke.DirectMethodHandle$Holder.invokeStatic(java.lang.Object, long)'> (0x00000000837db3d8) 
thrown [./open/src/hotspot/share/interpreter/linkResolver.cpp, line 782]
Event: 124.126 Thread 0x000002f16a0ec650 Exception <a 'java/lang/NoSuchMethodError'{0x00000000837e1910}: 'java.lang.Object java.lang.invoke.DirectMethodHandle$Holder.newInvokeSpecial(java.lang.Object, long)'> (0x00000000837e1910) 
thrown [./open/src/hotspot/share/interpreter/linkResolver.cpp, line 782]
Event: 124.129 Thread 0x000002f16a0ec650 Exception <a 'java/lang/NoSuchMethodError'{0x00000000837ecf98}: 'java.lang.Object java.lang.invoke.DirectMethodHandle$Holder.invokeStaticInit(java.lang.Object, java.lang.Object, long, java.lang.Object)'> (0x00000000837ecf98) 
thrown [./open/src/hotspot/share/interpreter/linkResolver.cpp, line 782]
Event: 124.318 Thread 0x000002f16a0ec650 Exception <a 'java/lang/ClassNotFoundException'{0x000000008360c9c0}: java/lang/ProcessImplBeanInfo> (0x000000008360c9c0) 
thrown [./open/src/hotspot/share/classfile/systemDictionary.cpp, line 295]
Event: 124.321 Thread 0x000002f16a0ec650 Exception <a 'java/lang/ClassNotFoundException'{0x0000000083612078}: java/lang/ProcessBeanInfo> (0x0000000083612078) 
thrown [./open/src/hotspot/share/classfile/systemDictionary.cpp, line 295]
Event: 124.322 Thread 0x000002f16a0ec650 Exception <a 'java/lang/ClassNotFoundException'{0x00000000836179a0}: java/lang/ProcessCustomizer> (0x00000000836179a0) 
thrown [./open/src/hotspot/share/classfile/systemDictionary.cpp, line 295]
Event: 124.325 Thread 0x000002f16a0ec650 Exception <a 'java/lang/ClassNotFoundException'{0x0000000083628170}: java/lang/ProcessImplCustomizer> (0x0000000083628170) 
thrown [./open/src/hotspot/share/classfile/systemDictionary.cpp, line 295]
Event: 124.340 Thread 0x000002f16a0ec650 Exception <a 'java/lang/ClassNotFoundException'{0x00000000836718e8}: java/io/InputStreamReaderBeanInfo> (0x00000000836718e8) 
thrown [./open/src/hotspot/share/classfile/systemDictionary.cpp, line 295]
Event: 124.340 Thread 0x000002f16a0ec650 Exception <a 'java/lang/ClassNotFoundException'{0x0000000083676f28}: java/io/ReaderBeanInfo> (0x0000000083676f28) 
thrown [./open/src/hotspot/share/classfile/systemDictionary.cpp, line 295]
Event: 124.341 Thread 0x000002f16a0ec650 Exception <a 'java/lang/ClassNotFoundException'{0x000000008367c828}: java/io/ReaderCustomizer> (0x000000008367c828) 
thrown [./open/src/hotspot/share/classfile/systemDictionary.cpp, line 295]
Event: 124.342 Thread 0x000002f16a0ec650 Exception <a 'java/lang/ClassNotFoundException'{0x0000000083687df0}: java/io/InputStreamReaderCustomizer> (0x0000000083687df0) 
thrown [./open/src/hotspot/share/classfile/systemDictionary.cpp, line 295]
Event: 124.345 Thread 0x000002f16a0ec650 Exception <a 'java/lang/ClassNotFoundException'{0x00000000836a5070}: java/io/BufferedReaderBeanInfo> (0x00000000836a5070) 
thrown [./open/src/hotspot/share/classfile/systemDictionary.cpp, line 295]
Event: 124.346 Thread 0x000002f16a0ec650 Exception <a 'java/lang/ClassNotFoundException'{0x00000000836aa6f8}: java/io/BufferedReaderCustomizer> (0x00000000836aa6f8) 
thrown [./open/src/hotspot/share/classfile/systemDictionary.cpp, line 295]
Event: 124.357 Thread 0x000002f16a0ec650 Exception <a 'java/lang/ClassNotFoundException'{0x00000000835e8558}: java/lang/StringBufferBeanInfo> (0x00000000835e8558) 
thrown [./open/src/hotspot/share/classfile/systemDictionary.cpp, line 295]
Event: 124.358 Thread 0x000002f16a0ec650 Exception <a 'java/lang/ClassNotFoundException'{0x00000000835edc48}: java/lang/AbstractStringBuilderBeanInfo> (0x00000000835edc48) 
thrown [./open/src/hotspot/share/classfile/systemDictionary.cpp, line 295]
Event: 124.358 Thread 0x000002f16a0ec650 Exception <a 'java/lang/ClassNotFoundException'{0x00000000835f35e8}: java/lang/AbstractStringBuilderCustomizer> (0x00000000835f35e8) 
thrown [./open/src/hotspot/share/classfile/systemDictionary.cpp, line 295]
Event: 124.377 Thread 0x000002f16a0ec650 Exception <a 'java/lang/ClassNotFoundException'{0x00000000834c8928}: java/lang/StringBufferCustomizer> (0x00000000834c8928) 
thrown [./open/src/hotspot/share/classfile/systemDictionary.cpp, line 295]
Event: 129.113 Thread 0x000002f16a0ec650 Exception <a 'java/lang/ClassNotFoundException'{0x00000000832587b0}: java/lang/StringBeanInfo> (0x00000000832587b0) 
thrown [./open/src/hotspot/share/classfile/systemDictionary.cpp, line 295]
Event: 129.113 Thread 0x000002f16a0ec650 Exception <a 'java/lang/ClassNotFoundException'{0x000000008325de30}: java/lang/StringCustomizer> (0x000000008325de30) 
thrown [./open/src/hotspot/share/classfile/systemDictionary.cpp, line 295]

Events (20 events):
Event: 124.358 loading class java/lang/AbstractStringBuilderBeanInfo
Event: 124.358 loading class java/lang/AbstractStringBuilderBeanInfo done
Event: 124.358 loading class java/lang/AbstractStringBuilderBeanInfo
Event: 124.358 loading class java/lang/AbstractStringBuilderBeanInfo done
Event: 124.358 loading class java/lang/AbstractStringBuilderCustomizer
Event: 124.358 loading class java/lang/AbstractStringBuilderCustomizer done
Event: 124.358 loading class java/lang/AbstractStringBuilderCustomizer
Event: 124.358 loading class java/lang/AbstractStringBuilderCustomizer done
Event: 124.376 loading class java/lang/StringBufferCustomizer
Event: 124.376 loading class java/lang/StringBufferCustomizer done
Event: 124.377 loading class java/lang/StringBufferCustomizer
Event: 124.377 loading class java/lang/StringBufferCustomizer done
Event: 129.113 loading class java/lang/StringBeanInfo
Event: 129.113 loading class java/lang/StringBeanInfo done
Event: 129.113 loading class java/lang/StringBeanInfo
Event: 129.113 loading class java/lang/StringBeanInfo done
Event: 129.113 loading class java/lang/StringCustomizer
Event: 129.113 loading class java/lang/StringCustomizer done
Event: 129.113 loading class java/lang/StringCustomizer
Event: 129.113 loading class java/lang/StringCustomizer done


Dynamic libraries:
0x00007ff6f1b70000 - 0x00007ff6f1b7f000 	C:\Program Files\Java\jdk-15.0.2\bin\java.exe
0x00007ff9b2910000 - 0x00007ff9b2b08000 	C:\Windows\SYSTEM32\ntdll.dll
0x00007ff9b1ee0000 - 0x00007ff9b1f9f000 	C:\Windows\System32\KERNEL32.DLL
0x00007ff9b0560000 - 0x00007ff9b0832000 	C:\Windows\System32\KERNELBASE.dll
0x00007ff9b00a0000 - 0x00007ff9b01a0000 	C:\Windows\System32\ucrtbase.dll
0x00007ff9a5fc0000 - 0x00007ff9a5fd9000 	C:\Program Files\Java\jdk-15.0.2\bin\VCRUNTIME140.dll
0x00007ff9a6e90000 - 0x00007ff9a6ea8000 	C:\Program Files\Java\jdk-15.0.2\bin\jli.dll
0x00007ff9b1aa0000 - 0x00007ff9b1b4e000 	C:\Windows\System32\ADVAPI32.dll
0x00007ff9b1d60000 - 0x00007ff9b1dfe000 	C:\Windows\System32\msvcrt.dll
0x00007ff9b2420000 - 0x00007ff9b24bc000 	C:\Windows\System32\sechost.dll
0x00007ff9b1130000 - 0x00007ff9b1255000 	C:\Windows\System32\RPCRT4.dll
0x00007ff9b2520000 - 0x00007ff9b26c1000 	C:\Windows\System32\USER32.dll
0x00007ff991d00000 - 0x00007ff991f9a000 	C:\Windows\WinSxS\amd64_microsoft.windows.common-controls_6595b64144ccf1df_6.0.19041.1110_none_60b5254171f9507e\COMCTL32.dll
0x00007ff9b08f0000 - 0x00007ff9b0912000 	C:\Windows\System32\win32u.dll
0x00007ff9b1100000 - 0x00007ff9b112b000 	C:\Windows\System32\GDI32.dll
0x00007ff9b01a0000 - 0x00007ff9b02af000 	C:\Windows\System32\gdi32full.dll
0x00007ff9b0000000 - 0x00007ff9b009d000 	C:\Windows\System32\msvcp_win.dll
0x00007ff9a6240000 - 0x00007ff9a624a000 	C:\Windows\SYSTEM32\VERSION.dll
0x00007ff9b0960000 - 0x00007ff9b0992000 	C:\Windows\System32\IMM32.DLL
0x00007ff9a6d30000 - 0x00007ff9a6d3c000 	C:\Program Files\Java\jdk-15.0.2\bin\vcruntime140_1.dll
0x00007ff961d70000 - 0x00007ff961e01000 	C:\Program Files\Java\jdk-15.0.2\bin\msvcp140.dll
0x00007ff9282a0000 - 0x00007ff928dfe000 	C:\Program Files\Java\jdk-15.0.2\bin\server\jvm.dll
0x00007ff9b1bb0000 - 0x00007ff9b1bb8000 	C:\Windows\System32\PSAPI.DLL
0x00007ff98dca0000 - 0x00007ff98dca9000 	C:\Windows\SYSTEM32\WSOCK32.dll
0x00007ff9b23b0000 - 0x00007ff9b241b000 	C:\Windows\System32\WS2_32.dll
0x00007ff9a2790000 - 0x00007ff9a27b7000 	C:\Windows\SYSTEM32\WINMM.dll
0x00007ff9ae810000 - 0x00007ff9ae822000 	C:\Windows\SYSTEM32\kernel.appcore.dll
0x00007ff9a59f0000 - 0x00007ff9a59fa000 	C:\Program Files\Java\jdk-15.0.2\bin\jimage.dll
0x00007ff9ab4d0000 - 0x00007ff9ab6b4000 	C:\Windows\SYSTEM32\DBGHELP.DLL
0x00007ff98d2b0000 - 0x00007ff98d2e5000 	C:\Windows\SYSTEM32\dbgcore.DLL
0x00007ff9b04d0000 - 0x00007ff9b0552000 	C:\Windows\System32\bcryptPrimitives.dll
0x00007ff9a4f40000 - 0x00007ff9a4f65000 	C:\Program Files\Java\jdk-15.0.2\bin\java.dll
0x00007ff9b1350000 - 0x00007ff9b1a95000 	C:\Windows\System32\SHELL32.dll
0x00007ff9aac70000 - 0x00007ff9ab402000 	C:\Windows\SYSTEM32\windows.storage.dll
0x00007ff9b1fa0000 - 0x00007ff9b22f5000 	C:\Windows\System32\combase.dll
0x00007ff9af980000 - 0x00007ff9af9b0000 	C:\Windows\SYSTEM32\Wldp.dll
0x00007ff9b0b50000 - 0x00007ff9b0bfd000 	C:\Windows\System32\SHCORE.dll
0x00007ff9b1e00000 - 0x00007ff9b1e55000 	C:\Windows\System32\shlwapi.dll
0x00007ff9aff40000 - 0x00007ff9aff5f000 	C:\Windows\SYSTEM32\profapi.dll
0x00007ff9a4f20000 - 0x00007ff9a4f39000 	C:\Program Files\Java\jdk-15.0.2\bin\net.dll
0x00007ff9a4430000 - 0x00007ff9a453c000 	C:\Windows\SYSTEM32\WINHTTP.dll
0x00007ff9af760000 - 0x00007ff9af7ca000 	C:\Windows\system32\mswsock.dll
0x00007ff993f60000 - 0x00007ff993f72000 	C:\Program Files\Java\jdk-15.0.2\bin\nio.dll
0x00007ff992050000 - 0x00007ff992068000 	C:\Program Files\Java\jdk-15.0.2\bin\zip.dll
0x00007ff9a4fe0000 - 0x00007ff9a4ff0000 	C:\Program Files\Java\jdk-15.0.2\bin\verify.dll
0x00007ff989030000 - 0x00007ff989057000 	C:\Users\Youcode\.gradle\native\e1d6ef7f7dcc3fd88c89a11ec53ec762bb8ba0a96d01ffa2cd45eb1d1d8dd5c5\windows-amd64\native-platform.dll
0x00007ff947990000 - 0x00007ff947ad4000 	C:\Users\Youcode\.gradle\native\0d407fdbe67a94daf76414ababcb853783967236a71b16ec16e742cd7a986fd3\windows-amd64\native-platform-file-events.dll
0x00007ff9a4d90000 - 0x00007ff9a4d99000 	C:\Program Files\Java\jdk-15.0.2\bin\management.dll
0x00007ff9a4d80000 - 0x00007ff9a4d8b000 	C:\Program Files\Java\jdk-15.0.2\bin\management_ext.dll
0x00007ff9af9c0000 - 0x00007ff9af9d8000 	C:\Windows\SYSTEM32\CRYPTSP.dll
0x00007ff9af030000 - 0x00007ff9af064000 	C:\Windows\system32\rsaenh.dll
0x00007ff9b0920000 - 0x00007ff9b0947000 	C:\Windows\System32\bcrypt.dll
0x00007ff9aff00000 - 0x00007ff9aff2e000 	C:\Windows\SYSTEM32\USERENV.dll
0x00007ff9af8f0000 - 0x00007ff9af8fc000 	C:\Windows\SYSTEM32\CRYPTBASE.dll
0x00007ff9af420000 - 0x00007ff9af45b000 	C:\Windows\SYSTEM32\IPHLPAPI.DLL
0x00007ff9b0950000 - 0x00007ff9b0958000 	C:\Windows\System32\NSI.dll
0x00007ff9a3c40000 - 0x00007ff9a3c57000 	C:\Windows\SYSTEM32\dhcpcsvc6.DLL
0x00007ff9a3ce0000 - 0x00007ff9a3cfd000 	C:\Windows\SYSTEM32\dhcpcsvc.DLL
0x00007ff9af460000 - 0x00007ff9af52b000 	C:\Windows\SYSTEM32\DNSAPI.dll

dbghelp: loaded successfully - version: 4.0.5 - missing functions: none
symbol engine: initialized successfully - sym options: 0x614 - pdb path: .;C:\Program Files\Java\jdk-15.0.2\bin;C:\Windows\SYSTEM32;C:\Windows\WinSxS\amd64_microsoft.windows.common-controls_6595b64144ccf1df_6.0.19041.1110_none_60b5254171f9507e;C:\Program Files\Java\jdk-15.0.2\bin\server;C:\Users\Youcode\.gradle\native\e1d6ef7f7dcc3fd88c89a11ec53ec762bb8ba0a96d01ffa2cd45eb1d1d8dd5c5\windows-amd64;C:\Users\Youcode\.gradle\native\0d407fdbe67a94daf76414ababcb853783967236a71b16ec16e742cd7a986fd3\windows-amd64

VM Arguments:
jvm_args: -XX:MaxMetaspaceSize=512m --add-opens=java.base/java.util=ALL-UNNAMED --add-opens=java.base/java.lang=ALL-UNNAMED --add-opens=java.base/java.lang.invoke=ALL-UNNAMED --add-opens=java.base/java.util=ALL-UNNAMED --add-opens=java.prefs/java.util.prefs=ALL-UNNAMED --add-opens=java.prefs/java.util.prefs=ALL-UNNAMED --add-opens=java.base/java.nio.charset=ALL-UNNAMED --add-opens=java.base/java.net=ALL-UNNAMED --add-opens=java.base/java.util.concurrent.atomic=ALL-UNNAMED -Xmx2048m -Dfile.encoding=windows-1252 -Duser.country=FR -Duser.language=fr -Duser.variant 
java_command: org.gradle.launcher.daemon.bootstrap.GradleDaemon 7.5.1
java_class_path (initial): C:\Users\Youcode\.gradle\wrapper\dists\gradle-7.5.1-all\1ehga6e77gqps5uk2kc5kf1vc\gradle-7.5.1\lib\gradle-launcher-7.5.1.jar
Launcher Type: SUN_STANDARD

[Global flags]
     intx CICompilerCount                          = 4                                         {product} {ergonomic}
   size_t CompressedClassSpaceSize                 = 528482304                                 {product} {ergonomic}
     uint ConcGCThreads                            = 2                                         {product} {ergonomic}
     uint G1ConcRefinementThreads                  = 8                                         {product} {ergonomic}
   size_t G1HeapRegionSize                         = 1048576                                   {product} {ergonomic}
    uintx GCDrainStackTargetSize                   = 64                                        {product} {ergonomic}
   size_t InitialHeapSize                          = 132120576                                 {product} {ergonomic}
   size_t MarkStackSize                            = 4194304                                   {product} {ergonomic}
   size_t MaxHeapSize                              = 2147483648                                {product} {command line}
   size_t MaxMetaspaceSize                         = 536870912                                 {product} {command line}
   size_t MaxNewSize                               = 1287651328                                {product} {ergonomic}
   size_t MinHeapDeltaBytes                        = 1048576                                   {product} {ergonomic}
   size_t MinHeapSize                              = 8388608                                   {product} {ergonomic}
    uintx NonNMethodCodeHeapSize                   = 5839372                                {pd product} {ergonomic}
    uintx NonProfiledCodeHeapSize                  = 122909434                              {pd product} {ergonomic}
    uintx ProfiledCodeHeapSize                     = 122909434                              {pd product} {ergonomic}
    uintx ReservedCodeCacheSize                    = 251658240                              {pd product} {ergonomic}
     bool SegmentedCodeCache                       = true                                      {product} {ergonomic}
   size_t SoftMaxHeapSize                          = 2147483648                             {manageable} {ergonomic}
     bool UseCompressedClassPointers               = true                                 {lp64_product} {ergonomic}
     bool UseCompressedOops                        = true                                 {lp64_product} {ergonomic}
     bool UseG1GC                                  = true                                      {product} {ergonomic}
     bool UseLargePagesIndividualAllocation        = false                                  {pd product} {ergonomic}

Logging:
Log output configuration:
 #0: stdout all=warning uptime,level,tags
 #1: stderr all=off uptime,level,tags

Environment Variables:
JAVA_HOME=C:\Program Files\Java\jdk-15.0.2
CLASSPATH=C:\Users\Youcode\Desktop\app_movies\android\\gradle\wrapper\gradle-wrapper.jar
PATH=C:\Users\Youcode\Desktop\app_movies\android\node_modules\.bin;C:\Users\Youcode\Desktop\app_movies\node_modules\.bin;C:\Users\Youcode\Desktop\node_modules\.bin;C:\Users\Youcode\node_modules\.bin;C:\Users\node_modules\.bin;C:\node_modules\.bin;C:\Program Files\nodejs;C:\Users\Youcode\Desktop\app_movies\node_modules\.bin;C:\Users\Youcode\Desktop\node_modules\.bin;C:\Users\Youcode\node_modules\.bin;C:\Users\node_modules\.bin;C:\node_modules\.bin;C:\Users\Youcode\AppData\Roaming\npm\node_modules\npm\node_modules\@npmcli\run-script\lib\node-gyp-bin;C:\Users\Youcode\Desktop\app_movies\node_modules\.bin;C:\Users\Youcode\Desktop\node_modules\.bin;C:\Users\Youcode\node_modules\.bin;C:\Users\node_modules\.bin;C:\node_modules\.bin;C:\Program Files\nodejs;C:\Users\Youcode\Desktop\app_movies\node_modules\.bin;C:\Users\Youcode\Desktop\node_modules\.bin;C:\Users\Youcode\node_modules\.bin;C:\Users\node_modules\.bin;C:\node_modules\.bin;C:\Users\Youcode\AppData\Roaming\npm\node_modules\npm\node_modules\@npmcli\run-script\lib\node-gyp-bin;C:\Program Files\Common Files\Oracle\Java\javapath;C:\Python310\Scripts\;C:\Python310\;C:\Windows\system32;C:\Windows;C:\Windows\System32\Wbem;C:\Windows\System32\WindowsPowerShell\v1.0\;C:\Windows\System32\OpenSSH\;C:\Program Files (x86)\Intel\Intel(R) Management Engine Components\DAL;C:\Program Files\Intel\Intel(R) Management Engine Components\DAL;C:\Program Files\Git\cmd;C:\Program Files\dotnet\;C:\xampp\php;C:\ProgramData\chocolatey\bin;C:\wamp64\bin\php\php5.6.40;C:\ProgramData\ComposerSetup\bin;C:\Program Files\nodejs\;C:\Program Files\Docker\Docker\resources\bin;C:\ProgramData\DockerDesktop\version-bin;C:\xampp\php;C:\Users\Youcode\AppData\Local\Programs\Microsoft VS Code\bin;C:\Users\Youcode\AppData\Roaming\npm;C:\Users\Youcode\AppData\Local\Programs\mongosh\;C:\Program Files\Java\jdk-15.0.2\bin;C:\Users\Youcode\AppData\Local\Android\Sdk;C:\Users\Youcode\AppData\Roaming\npm;
USERNAME=Youcode
LANG=en_US.UTF-8
OS=Windows_NT
PROCESSOR_IDENTIFIER=Intel64 Family 6 Model 142 Stepping 10, GenuineIntel



---------------  S Y S T E M  ---------------

OS:
 Windows 10 , 64 bit Build 19041 (10.0.19041.2546)
OS uptime: 7 days 2:10 hours
HyperV virtualization detected

CPU: total 8 (initial active 8) (4 cores per cpu, 2 threads per core) family 6 model 142 stepping 10 microcode 0xea, cmov, cx8, fxsr, mmx, sse, sse2, sse3, ssse3, sse4.1, sse4.2, popcnt, vzeroupper, avx, avx2, aes, clmul, erms, rtm, 3dnowpref, lzcnt, ht, tsc, tscinvbit, bmi1, bmi2, adx, fma, clflush, clflushopt

Memory: 4k page, system-wide physical 8050M (185M free)
TotalPageFile size 32626M (AvailPageFile size 24M)
current process WorkingSet (physical memory assigned to process): 144M, peak: 171M
current process commit charge ("private bytes"): 229M, peak: 282M

vm_info: Java HotSpot(TM) 64-Bit Server VM (15.0.2+7-27) for windows-amd64 JRE (15.0.2+7-27), built on Dec  7 2020 20:07:01 by "mach5one" with unknown MS VC++:1925

END.
